<?xml version="1.0" encoding="UTF-8"?>
<testsuite xmlns:xsi="http://www.w3.org/2001/XMLSchema-instance" xsi:noNamespaceSchemaLocation="https://maven.apache.org/surefire/maven-surefire-plugin/xsd/surefire-test-report.xsd" name="fr.uvsq.cprog.mvnjunit.FractionTest" time="0.081" tests="12" errors="0" skipped="0" failures="0">
  <properties>
[...]
</properties>
  <testcase name="testcomparaisonegale" classname="fr.uvsq.cprog.mvnjunit.FractionTest" time="0.004"/>
  <testcase name="testdeuxiemeConstructeur" classname="fr.uvsq.cprog.mvnjunit.FractionTest" time="0"/>
  <testcase name="ZeroEquals0" classname="fr.uvsq.cprog.mvnjunit.FractionTest" time="0.004"/>
  <testcase name="testAddition" classname="fr.uvsq.cprog.mvnjunit.FractionTest" time="0"/>
  <testcase name="UNEquals1" classname="fr.uvsq.cprog.mvnjunit.FractionTest" time="0"/>
  <testcase name="testegalite" classname="fr.uvsq.cprog.mvnjunit.FractionTest" time="0"/>
  <testcase name="testcomparaisonsuperieure" classname="fr.uvsq.cprog.mvnjunit.FractionTest" time="0"/>
  <testcase name="testtroisiemeConstructeur" classname="fr.uvsq.cprog.mvnjunit.FractionTest" time="0"/>
  <testcase name="testcomparaison" classname="fr.uvsq.cprog.mvnjunit.FractionTest" time="0"/>
  <testcase name="testdenominateurnullConstructeur" classname="fr.uvsq.cprog.mvnjunit.FractionTest" time="0"/>
  <testcase name="testcomparaisoninferieur" classname="fr.uvsq.cprog.mvnjunit.FractionTest" time="0"/>
  <testcase name="testpremierConstructeur" classname="fr.uvsq.cprog.mvnjunit.FractionTest" time="0"/>
</testsuite>